<?xml version="1.0" encoding="UTF-8"?>
<!-- Generated by org.testng.reporters.JUnitReportReporter -->
<testsuite skipped="0" hostname="inteli7-PC" name="DemoClass" tests="1" failures="0" timestamp="10 Nov 2018 18:24:20 GMT" time="9.990" errors="0">
  <testcase name="testLogin" time="9.990" classname="DemoClass"/>
</testsuite> <!-- DemoClass -->
