<?xml version="1.0" encoding="UTF-8"?>
<!-- Generated by org.testng.reporters.JUnitReportReporter -->
<testsuite skipped="0" hostname="inteli7-PC" name="DemoClass" tests="1" failures="0" timestamp="10 Nov 2018 18:59:17 GMT" time="10.660" errors="0">
  <testcase name="testLogin" time="10.660" classname="DemoClass"/>
</testsuite> <!-- DemoClass -->
